Fri 09 Sep 2022 12:25:31 PM UTC: 
 tests:  0|6
total_score: 0/70
592308e
Sat 10 Sep 2022 06:05:24 PM UTC: 
 hashmap.c | 20 ++++++++++++++++++--
 1 file changed, 18 insertions(+), 2 deletions(-)
In file included from test.c:4:
hashmap.c: In function ‘insertMap’:
hashmap.c:44:12: error: initialization of ‘long int’ from ‘Pair *’ makes integer from pointer without a cast [-Werror=int-conversion]
   44 |   long i = createPair(key, value);
      |            ^~~~~~~~~~
hashmap.c:48:5: error: implicit declaration of function ‘enlange’; did you mean ‘enlarge’? [-Werror=implicit-function-declaration]
   48 |     enlange(map);
      |     ^~~~~~~
      |     enlarge
hashmap.c:44:8: error: unused variable ‘i’ [-Werror=unused-variable]
   44 |   long i = createPair(key, value);
      |        ^
hashmap.c:43:9: error: unused variable ‘newPair’ [-Werror=unused-variable]
   43 |   Pair *newPair = createPair(key, value);
      |         ^~~~~~~
hashmap.c: In function ‘createMap’:
hashmap.c:62:53: error: ‘Piar’ undeclared (first use in this function); did you mean ‘Pair’?
   62 |   map->buckets = (Pair **) malloc(capacity * sizeof(Piar));
      |                                                     ^~~~
      |                                                     Pair
hashmap.c:62:53: note: each undeclared identifier is reported only once for each function it appears in
hashmap.c:65:14: error: expected ‘;’ before ‘i’
   65 |   map->size--i;
      |              ^
      |              ;
hashmap.c: In function ‘searchMap’:
hashmap.c:79:8: error: too few arguments to function ‘is_equal’
   79 |     if(is_equal())
      |        ^~~~~~~~
hashmap.c:35:5: note: declared here
   35 | int is_equal(void* key1, void* key2){
      |     ^~~~~~~~
hashmap.c:80:3: error: expected expression before ‘}’ token
   80 |   }
      |   ^
hashmap.c:76:10: error: unused variable ‘i’ [-Werror=unused-variable]
   76 |   size_t i = hash(key, map->capacity);
      |          ^
cc1: all warnings being treated as errors
Compilation failed
398edf5
Sat 10 Sep 2022 06:08:18 PM UTC: 
 hashmap.c | 2 +-
 1 file changed, 1 insertion(+), 1 deletion(-)
In file included from test.c:4:
hashmap.c: In function ‘insertMap’:
hashmap.c:44:12: error: initialization of ‘long int’ from ‘Pair *’ makes integer from pointer without a cast [-Werror=int-conversion]
   44 |   long i = createPair(key, value);
      |            ^~~~~~~~~~
hashmap.c:48:5: error: implicit declaration of function ‘enlange’; did you mean ‘enlarge’? [-Werror=implicit-function-declaration]
   48 |     enlange(map);
      |     ^~~~~~~
      |     enlarge
hashmap.c:44:8: error: unused variable ‘i’ [-Werror=unused-variable]
   44 |   long i = createPair(key, value);
      |        ^
hashmap.c:43:9: error: unused variable ‘newPair’ [-Werror=unused-variable]
   43 |   Pair *newPair = createPair(key, value);
      |         ^~~~~~~
hashmap.c: In function ‘createMap’:
hashmap.c:65:14: error: expected ‘;’ before ‘i’
   65 |   map->size--i;
      |              ^
      |              ;
hashmap.c: In function ‘searchMap’:
hashmap.c:79:8: error: too few arguments to function ‘is_equal’
   79 |     if(is_equal())
      |        ^~~~~~~~
hashmap.c:35:5: note: declared here
   35 | int is_equal(void* key1, void* key2){
      |     ^~~~~~~~
hashmap.c:80:3: error: expected expression before ‘}’ token
   80 |   }
      |   ^
hashmap.c:76:10: error: unused variable ‘i’ [-Werror=unused-variable]
   76 |   size_t i = hash(key, map->capacity);
      |          ^
cc1: all warnings being treated as errors
Compilation failed
bca0efa
Sat 10 Sep 2022 06:34:54 PM UTC: 
 hashmap.c | 4 ++++
 1 file changed, 4 insertions(+)
In file included from test.c:4:
hashmap.c: In function ‘insertMap’:
hashmap.c:44:12: error: initialization of ‘long int’ from ‘Pair *’ makes integer from pointer without a cast [-Werror=int-conversion]
   44 |   long i = createPair(key, value);
      |            ^~~~~~~~~~
hashmap.c:48:5: error: implicit declaration of function ‘enlange’; did you mean ‘enlarge’? [-Werror=implicit-function-declaration]
   48 |     enlange(map);
      |     ^~~~~~~
      |     enlarge
hashmap.c:50:12: error: ‘HashMap’ {aka ‘struct HashMap’} has no member named ‘buquets’; did you mean ‘buckets’?
   50 | while(map->buquets[i] != NULL && map->buckets[i]->kay != NULL){
      |            ^~~~~~~
      |            buckets
hashmap.c:50:51: error: ‘Pair’ has no member named ‘kay’; did you mean ‘key’?
   50 | while(map->buquets[i] != NULL && map->buckets[i]->kay != NULL){
      |                                                   ^~~
      |                                                   key
hashmap.c:53:6: error: ‘HashMap’ {aka ‘struct HashMap’} has no member named ‘b’
   53 |   map->b
      |      ^~
hashmap.c:53:9: error: expected ‘;’ before ‘}’ token
   53 |   map->b
      |         ^
      |         ;
   54 | }
      | ~        
hashmap.c:43:9: error: unused variable ‘newPair’ [-Werror=unused-variable]
   43 |   Pair *newPair = createPair(key, value);
      |         ^~~~~~~
hashmap.c: In function ‘createMap’:
hashmap.c:69:14: error: expected ‘;’ before ‘i’
   69 |   map->size--i;
      |              ^
      |              ;
hashmap.c: In function ‘searchMap’:
hashmap.c:83:8: error: too few arguments to function ‘is_equal’
   83 |     if(is_equal())
      |        ^~~~~~~~
hashmap.c:35:5: note: declared here
   35 | int is_equal(void* key1, void* key2) {
      |     ^~~~~~~~
hashmap.c:84:3: error: expected expression before ‘}’ token
   84 |   }
      |   ^
hashmap.c:80:10: error: unused variable ‘i’ [-Werror=unused-variable]
   80 |   size_t i = hash(key, map->capacity);
      |          ^
cc1: all warnings being treated as errors
Compilation failed
cb49dce
Sat 10 Sep 2022 06:39:25 PM UTC: 
 hashmap.c | 4 ++--
 1 file changed, 2 insertions(+), 2 deletions(-)
In file included from test.c:4:
hashmap.c: In function ‘insertMap’:
hashmap.c:44:12: error: initialization of ‘long int’ from ‘Pair *’ makes integer from pointer without a cast [-Werror=int-conversion]
   44 |   long i = createPair(key, value);
      |            ^~~~~~~~~~
hashmap.c:53:6: error: ‘HashMap’ {aka ‘struct HashMap’} has no member named ‘b’
   53 |   map->b
      |      ^~
hashmap.c:53:9: error: expected ‘;’ before ‘}’ token
   53 |   map->b
      |         ^
      |         ;
   54 | }
      | ~        
hashmap.c:43:9: error: unused variable ‘newPair’ [-Werror=unused-variable]
   43 |   Pair *newPair = createPair(key, value);
      |         ^~~~~~~
hashmap.c: In function ‘createMap’:
hashmap.c:69:14: error: expected ‘;’ before ‘i’
   69 |   map->size--i;
      |              ^
      |              ;
hashmap.c: In function ‘searchMap’:
hashmap.c:83:8: error: too few arguments to function ‘is_equal’
   83 |     if(is_equal())
      |        ^~~~~~~~
hashmap.c:35:5: note: declared here
   35 | int is_equal(void* key1, void* key2) {
      |     ^~~~~~~~
hashmap.c:84:3: error: expected expression before ‘}’ token
   84 |   }
      |   ^
hashmap.c:80:10: error: unused variable ‘i’ [-Werror=unused-variable]
   80 |   size_t i = hash(key, map->capacity);
      |          ^
cc1: all warnings being treated as errors
Compilation failed
244a726
Sat 10 Sep 2022 06:49:05 PM UTC: 
 hashmap.c | 6 ++++--
 1 file changed, 4 insertions(+), 2 deletions(-)
In file included from test.c:4:
hashmap.c: In function ‘insertMap’:
hashmap.c:44:12: error: initialization of ‘long int’ from ‘Pair *’ makes integer from pointer without a cast [-Werror=int-conversion]
   44 |   long i = createPair(key, value);
      |            ^~~~~~~~~~
hashmap.c:53:15: error: statement with no effect [-Werror=unused-value]
   53 |   map->buckets[i];
      |   ~~~~~~~~~~~~^~~
hashmap.c:43:9: error: unused variable ‘newPair’ [-Werror=unused-variable]
   43 |   Pair *newPair = createPair(key, value);
      |         ^~~~~~~
hashmap.c: In function ‘createMap’:
hashmap.c:71:14: error: expected ‘;’ before ‘i’
   71 |   map->size--i;
      |              ^
      |              ;
hashmap.c: In function ‘searchMap’:
hashmap.c:82:10: error: unused variable ‘i’ [-Werror=unused-variable]
   82 |   size_t i = hash(key, map->capacity);
      |          ^
cc1: all warnings being treated as errors
Compilation failed
698ccc2
Sat 10 Sep 2022 06:50:35 PM UTC: 
 hashmap.c | 2 +-
 1 file changed, 1 insertion(+), 1 deletion(-)
In file included from test.c:4:
hashmap.c: In function ‘insertMap’:
hashmap.c:44:12: error: initialization of ‘long int’ from ‘Pair *’ makes integer from pointer without a cast [-Werror=int-conversion]
   44 |   long i = createPair(key, value);
      |            ^~~~~~~~~~
hashmap.c:53:21: error: ‘new’ undeclared (first use in this function)
   53 |   map->buckets[i] = new;
      |                     ^~~
hashmap.c:53:21: note: each undeclared identifier is reported only once for each function it appears in
hashmap.c:43:9: error: unused variable ‘newPair’ [-Werror=unused-variable]
   43 |   Pair *newPair = createPair(key, value);
      |         ^~~~~~~
hashmap.c: In function ‘createMap’:
hashmap.c:71:14: error: expected ‘;’ before ‘i’
   71 |   map->size--i;
      |              ^
      |              ;
hashmap.c: In function ‘searchMap’:
hashmap.c:82:10: error: unused variable ‘i’ [-Werror=unused-variable]
   82 |   size_t i = hash(key, map->capacity);
      |          ^
cc1: all warnings being treated as errors
Compilation failed
3e0132d
Sat 10 Sep 2022 06:51:14 PM UTC: 
 hashmap.c | 1 -
 1 file changed, 1 deletion(-)
In file included from test.c:4:
hashmap.c: In function ‘insertMap’:
hashmap.c:49:20: error: ‘i’ undeclared (first use in this function)
   49 | while(map->buckets[i] != NULL && map->buckets[i]->key != NULL){
      |                    ^
hashmap.c:49:20: note: each undeclared identifier is reported only once for each function it appears in
hashmap.c:52:21: error: ‘new’ undeclared (first use in this function)
   52 |   map->buckets[i] = new;
      |                     ^~~
hashmap.c:43:9: error: unused variable ‘newPair’ [-Werror=unused-variable]
   43 |   Pair *newPair = createPair(key, value);
      |         ^~~~~~~
hashmap.c: In function ‘createMap’:
hashmap.c:70:14: error: expected ‘;’ before ‘i’
   70 |   map->size--i;
      |              ^
      |              ;
hashmap.c: In function ‘searchMap’:
hashmap.c:81:10: error: unused variable ‘i’ [-Werror=unused-variable]
   81 |   size_t i = hash(key, map->capacity);
      |          ^
cc1: all warnings being treated as errors
Compilation failed
96ff653
Sat 10 Sep 2022 06:52:49 PM UTC: 
 hashmap.c | 1 +
 1 file changed, 1 insertion(+)
In file included from test.c:4:
hashmap.c: In function ‘insertMap’:
hashmap.c:53:21: error: ‘new’ undeclared (first use in this function)
   53 |   map->buckets[i] = new;
      |                     ^~~
hashmap.c:53:21: note: each undeclared identifier is reported only once for each function it appears in
hashmap.c:43:9: error: unused variable ‘newPair’ [-Werror=unused-variable]
   43 |   Pair *newPair = createPair(key, value);
      |         ^~~~~~~
hashmap.c: In function ‘createMap’:
hashmap.c:71:14: error: expected ‘;’ before ‘i’
   71 |   map->size--i;
      |              ^
      |              ;
hashmap.c: In function ‘searchMap’:
hashmap.c:82:10: error: unused variable ‘i’ [-Werror=unused-variable]
   82 |   size_t i = hash(key, map->capacity);
      |          ^
cc1: all warnings being treated as errors
Compilation failed
b260a14
Sat 10 Sep 2022 06:53:32 PM UTC: 
 hashmap.c | 2 +-
 1 file changed, 1 insertion(+), 1 deletion(-)
In file included from test.c:4:
hashmap.c: In function ‘createMap’:
hashmap.c:71:14: error: expected ‘;’ before ‘i’
   71 |   map->size--i;
      |              ^
      |              ;
hashmap.c: In function ‘searchMap’:
hashmap.c:82:10: error: unused variable ‘i’ [-Werror=unused-variable]
   82 |   size_t i = hash(key, map->capacity);
      |          ^
cc1: all warnings being treated as errors
Compilation failed
9ad4ede
Sat 10 Sep 2022 06:54:08 PM UTC: 
 hashmap.c | 10 +++++-----
 1 file changed, 5 insertions(+), 5 deletions(-)
In file included from test.c:4:
hashmap.c: In function ‘createMap’:
hashmap.c:66:12: error: unused variable ‘map’ [-Werror=unused-variable]
   66 |   HashMap *map = (HashMap *) malloc(sizeof(HashMap));
      |            ^~~
hashmap.c: In function ‘searchMap’:
hashmap.c:82:10: error: unused variable ‘i’ [-Werror=unused-variable]
   82 |   size_t i = hash(key, map->capacity);
      |          ^
hashmap.c: In function ‘createMap’:
hashmap.c:74:1: error: control reaches end of non-void function [-Werror=return-type]
   74 | }
      | ^
cc1: all warnings being treated as errors
Compilation failed
40b4df2
Sat 10 Sep 2022 06:55:05 PM UTC: 
 hashmap.c | 6 +++---
 1 file changed, 3 insertions(+), 3 deletions(-)
test.c: In function ‘createMap’:
test.c:453:5: error: ‘main’ is normally a non-static function [-Werror=main]
  453 | int main( int argc, char *argv[] ) {
      |     ^~~~
test.c:511:1: error: expected declaration or statement at end of input
  511 | }
      | ^
test.c:511: error: control reaches end of non-void function [-Werror=return-type]
  511 | }
      | 
At top level:
test.c:453:5: error: ‘main’ defined but not used [-Werror=unused-function]
  453 | int main( int argc, char *argv[] ) {
      |     ^~~~
test.c:217:5: error: ‘insert_test5’ defined but not used [-Werror=unused-function]
  217 | int insert_test5(){ //factor de carga>0.7, se llama a función enlarge
      |     ^~~~~~~~~~~~
test.c:131:6: error: ‘compare_test’ defined but not used [-Werror=unused-function]
  131 | void compare_test(){
      |      ^~~~~~~~~~~~
test.c:125:6: error: ‘hash_test3’ defined but not used [-Werror=unused-function]
  125 | void hash_test3(){ //no random
      |      ^~~~~~~~~~
test.c:111:6: error: ‘hash_test2’ defined but not used [-Werror=unused-function]
  111 | void hash_test2(){ // colisiones
      |      ^~~~~~~~~~
test.c:100:6: error: ‘hash_test1’ defined but not used [-Werror=unused-function]
  100 | void hash_test1(){ // posición válida
      |      ^~~~~~~~~~
cc1: all warnings being treated as errors
Compilation failed
ce5c7da
Sat 10 Sep 2022 06:57:03 PM UTC: 
 hashmap.c | 23 +++++++++--------------
 1 file changed, 9 insertions(+), 14 deletions(-)
In file included from test.c:4:
hashmap.c: In function ‘createMap’:
hashmap.c:71:13: error: expected ‘;’ before ‘i’
   71 |  map->size--i;
      |             ^
      |             ;
hashmap.c: In function ‘searchMap’:
hashmap.c:82:9: error: unused variable ‘i’ [-Werror=unused-variable]
   82 |  size_t i = hash(key, map->capacity);
      |         ^
cc1: all warnings being treated as errors
Compilation failed
6e90a85
Sat 10 Sep 2022 07:03:57 PM UTC: 
 hashmap.c | 5 +++--
 1 file changed, 3 insertions(+), 2 deletions(-)
In file included from test.c:4:
hashmap.c: In function ‘createMap’:
hashmap.c:72:13: error: expected ‘;’ before ‘i’
   72 |  map->size--i;
      |             ^
      |             ;
hashmap.c: In function ‘searchMap’:
hashmap.c:83:9: error: unused variable ‘i’ [-Werror=unused-variable]
   83 |  size_t i = hash(key, map->capacity);
      |         ^
cc1: all warnings being treated as errors
Compilation failed
48138df
Sat 10 Sep 2022 07:06:57 PM UTC: 
 hashmap.c | 2 +-
 1 file changed, 1 insertion(+), 1 deletion(-)
In file included from test.c:4:
hashmap.c: In function ‘searchMap’:
hashmap.c:83:9: error: unused variable ‘i’ [-Werror=unused-variable]
   83 |  size_t i = hash(key, map->capacity);
      |         ^
cc1: all warnings being treated as errors
Compilation failed
77376ec
Sat 10 Sep 2022 07:08:05 PM UTC: 
 hashmap.c | 4 ++--
 1 file changed, 2 insertions(+), 2 deletions(-)
In file included from test.c:4:
hashmap.c: In function ‘searchMap’:
hashmap.c:83:9: error: unused variable ‘i’ [-Werror=unused-variable]
   83 |  size_t i = hash(key, map->capacity);
      |         ^
cc1: all warnings being treated as errors
Compilation failed
5a99c61
Sat 10 Sep 2022 07:08:17 PM UTC: 
 hashmap.c | 2 +-
 1 file changed, 1 insertion(+), 1 deletion(-)
 tests:  4|5
total_score: 20/70
f9933dd
Sat 10 Sep 2022 07:27:18 PM UTC: 
 hashmap.c | 2 +-
 1 file changed, 1 insertion(+), 1 deletion(-)
In file included from test.c:4:
hashmap.c: In function ‘createMap’:
hashmap.c:70:27: error: too few arguments to function ‘calloc’
   70 |  map->buckets = (Pair **) calloc(capacity * sizeof(Pair *));
      |                           ^~~~~~
In file included from test.c:2:
/nix/store/iwd8ic5hhwdxn5dga0im55g5hjl270cd-glibc-2.33-47-dev/include/stdlib.h:542:14: note: declared here
  542 | extern void *calloc (size_t __nmemb, size_t __size)
      |              ^~~~~~
Compilation failed
be66a56
Sat 10 Sep 2022 07:27:28 PM UTC: 
 hashmap.c | 2 +-
 1 file changed, 1 insertion(+), 1 deletion(-)
 tests:  4|5
total_score: 20/70
842f62c
Sat 10 Sep 2022 07:28:26 PM UTC: 
 hashmap.c | 2 +-
 1 file changed, 1 insertion(+), 1 deletion(-)
 tests:  4|5
total_score: 20/70
e6069f3
Sat 10 Sep 2022 07:30:38 PM UTC: 
 hashmap.c | 2 +-
 1 file changed, 1 insertion(+), 1 deletion(-)
 tests:  5|4
total_score: 30/70
ab6c69d
Sun 11 Sep 2022 07:25:55 PM UTC: 
 hashmap.c | 6 +++++-
 1 file changed, 5 insertions(+), 1 deletion(-)
 tests:  5|4
total_score: 30/70
3f4ebbf
Sun 11 Sep 2022 07:33:37 PM UTC: 
 hashmap.c | 10 ++++++++--
 1 file changed, 8 insertions(+), 2 deletions(-)
In file included from test.c:4:
hashmap.c: In function ‘searchMap’:
hashmap.c:86:9: error: the address of ‘is_equal’ will always evaluate as ‘true’ [-Werror=address]
   86 |   while(is_equal !(key, map->buckets[i]->key)){
      |         ^~~~~~~~
hashmap.c:86:17: error: expected ‘)’ before ‘!’ token
   86 |   while(is_equal !(key, map->buckets[i]->key)){
      |        ~        ^~
      |                 )
hashmap.c:93:12: error: returning ‘HashMap *’ {aka ‘struct HashMap *’} from a function with incompatible return type ‘Pair *’ [-Werror=incompatible-pointer-types]
   93 |     return map;
      |            ^~~
cc1: all warnings being treated as errors
Compilation failed
39fa7b4
Sun 11 Sep 2022 07:34:09 PM UTC: 
 hashmap.c | 2 +-
 1 file changed, 1 insertion(+), 1 deletion(-)
In file included from test.c:4:
hashmap.c: In function ‘searchMap’:
hashmap.c:93:12: error: returning ‘HashMap *’ {aka ‘struct HashMap *’} from a function with incompatible return type ‘Pair *’ [-Werror=incompatible-pointer-types]
   93 |     return map;
      |            ^~~
cc1: all warnings being treated as errors
Compilation failed
03b0da9
Sun 11 Sep 2022 07:34:51 PM UTC: 
 hashmap.c | 2 +-
 1 file changed, 1 insertion(+), 1 deletion(-)
In file included from test.c:4:
hashmap.c: In function ‘searchMap’:
hashmap.c:93:15: error: returning ‘Pair **’ from a function with incompatible return type ‘Pair *’ [-Werror=incompatible-pointer-types]
   93 |     return map->buckets;
      |            ~~~^~~~~~~~~
cc1: all warnings being treated as errors
Compilation failed
dddd426
Sun 11 Sep 2022 07:35:09 PM UTC: 
 hashmap.c | 2 +-
 1 file changed, 1 insertion(+), 1 deletion(-)
 tests:  11|2
total_score: 50/70
f337842
Sun 11 Sep 2022 07:57:14 PM UTC: 
 hashmap.c | 11 ++++++++++-
 1 file changed, 10 insertions(+), 1 deletion(-)
In file included from test.c:4:
hashmap.c: In function ‘firstMap’:
hashmap.c:98:3: error: unknown type name ‘size_aux’; did you mean ‘size_t’?
   98 |   size_aux i;
      |   ^~~~~~~~
      |   size_t
hashmap.c:103:47: error: ‘*map->buckets’ is a pointer; did you mean to use ‘->’?
  103 |     if(map->buckets[i] != NULL && map->buckets->key != NULL){
      |                                               ^~
      |                                               ->
Compilation failed
96ec7ce
Sun 11 Sep 2022 07:57:34 PM UTC: 
 hashmap.c | 2 +-
 1 file changed, 1 insertion(+), 1 deletion(-)
In file included from test.c:4:
hashmap.c: In function ‘firstMap’:
hashmap.c:103:47: error: ‘*map->buckets’ is a pointer; did you mean to use ‘->’?
  103 |     if(map->buckets[i] != NULL && map->buckets->key != NULL){
      |                                               ^~
      |                                               ->
Compilation failed
87eca47
Sun 11 Sep 2022 07:57:54 PM UTC: 
 hashmap.c | 2 +-
 1 file changed, 1 insertion(+), 1 deletion(-)
In file included from test.c:4:
hashmap.c: In function ‘firstMap’:
hashmap.c:103:38: error: ‘HashMap’ {aka ‘struct HashMap’} has no member named ‘key’
  103 |     if(map->buckets[i] != NULL && map->key != NULL){
      |                                      ^~
Compilation failed
169412a
Sun 11 Sep 2022 07:58:38 PM UTC: 
 hashmap.c | 2 +-
 1 file changed, 1 insertion(+), 1 deletion(-)
 tests:  13|2
total_score: 50/70
157504f
Sun 11 Sep 2022 08:15:09 PM UTC: 
 hashmap.c | 5 ++---
 1 file changed, 2 insertions(+), 3 deletions(-)
 tests:  13|2
total_score: 50/70
0aa7e85
Sun 11 Sep 2022 08:16:58 PM UTC: 
 hashmap.c | 4 +++-
 1 file changed, 3 insertions(+), 1 deletion(-)
 tests:  13|2
total_score: 50/70
abe80f0
